c:\users\liam maclean\downloads\shadersframeworkbad\shadersframework(1)\shaders\dxframework\debug\dxframework.pdb
c:\users\liam maclean\downloads\shadersframeworkbad\shadersframework(1)\shaders\dxframework\debug\dxframework.idb
c:\users\liam maclean\downloads\shadersframeworkbad\shadersframework(1)\shaders\dxframework\debug\d3d.obj
c:\users\liam maclean\downloads\shadersframeworkbad\shadersframework(1)\shaders\dxframework\debug\imgui.obj
c:\users\liam maclean\downloads\shadersframeworkbad\shadersframework(1)\shaders\dxframework\debug\imgui_demo.obj
c:\users\liam maclean\downloads\shadersframeworkbad\shadersframework(1)\shaders\dxframework\debug\imgui_draw.obj
c:\users\liam maclean\downloads\shadersframeworkbad\shadersframework(1)\shaders\dxframework\debug\imgui_impl_dx11.obj
c:\users\liam maclean\downloads\shadersframeworkbad\shadersframework(1)\shaders\dxframework\debug\input.obj
c:\users\liam maclean\downloads\shadersframeworkbad\shadersframework(1)\shaders\dxframework\debug\light.obj
c:\users\liam maclean\downloads\shadersframeworkbad\shadersframework(1)\shaders\dxframework\debug\model.obj
c:\users\liam maclean\downloads\shadersframeworkbad\shadersframework(1)\shaders\dxframework\debug\orthomesh.obj
c:\users\liam maclean\downloads\shadersframeworkbad\shadersframework(1)\shaders\dxframework\debug\planemesh.obj
c:\users\liam maclean\downloads\shadersframeworkbad\shadersframework(1)\shaders\dxframework\debug\pointmesh.obj
c:\users\liam maclean\downloads\shadersframeworkbad\shadersframework(1)\shaders\dxframework\debug\quadmesh.obj
c:\users\liam maclean\downloads\shadersframeworkbad\shadersframework(1)\shaders\dxframework\debug\rendertexture.obj
c:\users\liam maclean\downloads\shadersframeworkbad\shadersframework(1)\shaders\dxframework\debug\spheremesh.obj
c:\users\liam maclean\downloads\shadersframeworkbad\shadersframework(1)\shaders\dxframework\debug\system.obj
c:\users\liam maclean\downloads\shadersframeworkbad\shadersframework(1)\shaders\dxframework\debug\tessellationmesh.obj
c:\users\liam maclean\downloads\shadersframeworkbad\shadersframework(1)\shaders\dxframework\debug\texturemanager.obj
c:\users\liam maclean\downloads\shadersframeworkbad\shadersframework(1)\shaders\dxframework\debug\timer.obj
c:\users\liam maclean\downloads\shadersframeworkbad\shadersframework(1)\shaders\dxframework\debug\tokenstream.obj
c:\users\liam maclean\downloads\shadersframeworkbad\shadersframework(1)\shaders\dxframework\debug\trianglemesh.obj
c:\users\liam maclean\downloads\shadersframeworkbad\shadersframework(1)\shaders\dxframework\debug\baseapplication.obj
c:\users\liam maclean\downloads\shadersframeworkbad\shadersframework(1)\shaders\dxframework\debug\basemesh.obj
c:\users\liam maclean\downloads\shadersframeworkbad\shadersframework(1)\shaders\dxframework\debug\baseshader.obj
c:\users\liam maclean\downloads\shadersframeworkbad\shadersframework(1)\shaders\dxframework\debug\camera.obj
c:\users\liam maclean\downloads\shadersframeworkbad\shadersframework(1)\shaders\dxframework\debug\cubemesh.obj
c:\users\liam maclean\downloads\shadersframeworkbad\shadersframework(1)\shaders\dxframework\debug\dxframework.tlog\cl.command.1.tlog
c:\users\liam maclean\downloads\shadersframeworkbad\shadersframework(1)\shaders\dxframework\debug\dxframework.tlog\cl.read.1.tlog
c:\users\liam maclean\downloads\shadersframeworkbad\shadersframework(1)\shaders\dxframework\debug\dxframework.tlog\cl.write.1.tlog
c:\users\liam maclean\downloads\shadersframeworkbad\shadersframework(1)\shaders\dxframework\debug\dxframework.tlog\lib-link.read.1.tlog
c:\users\liam maclean\downloads\shadersframeworkbad\shadersframework(1)\shaders\dxframework\debug\dxframework.tlog\lib-link.write.1.tlog
c:\users\liam maclean\downloads\shadersframeworkbad\shadersframework(1)\shaders\dxframework\debug\dxframework.tlog\lib.command.1.tlog
