c:\users\liam maclean\downloads\shadersframeworkbad\shadersframework(1)\shaders\courseworkproject\debug\vc140.pdb
c:\users\liam maclean\downloads\shadersframeworkbad\shadersframework(1)\shaders\courseworkproject\debug\vc140.idb
c:\users\liam maclean\downloads\shadersframeworkbad\shadersframework(1)\shaders\courseworkproject\debug\app1.obj
c:\users\liam maclean\downloads\shadersframeworkbad\shadersframework(1)\shaders\courseworkproject\debug\colourshader.obj
c:\users\liam maclean\downloads\shadersframeworkbad\shadersframework(1)\shaders\courseworkproject\debug\geometryshader.obj
c:\users\liam maclean\downloads\shadersframeworkbad\shadersframework(1)\shaders\courseworkproject\debug\horizontalblurshader.obj
c:\users\liam maclean\downloads\shadersframeworkbad\shadersframework(1)\shaders\courseworkproject\debug\lightshader.obj
c:\users\liam maclean\downloads\shadersframeworkbad\shadersframework(1)\shaders\courseworkproject\debug\main.obj
c:\users\liam maclean\downloads\shadersframeworkbad\shadersframework(1)\shaders\courseworkproject\debug\textureshader.obj
c:\users\liam maclean\downloads\shadersframeworkbad\shadersframework(1)\shaders\courseworkproject\debug\verticalblurshader.obj
c:\users\liam maclean\downloads\shadersframeworkbad\shadersframework(1)\shaders\courseworkproject\debug\volumetricshader.obj
c:\users\liam maclean\downloads\shadersframeworkbad\shadersframework(1)\shaders\courseworkproject\colour_ps.cso
c:\users\liam maclean\downloads\shadersframeworkbad\shadersframework(1)\shaders\courseworkproject\colour_vs.cso
c:\users\liam maclean\downloads\shadersframeworkbad\shadersframework(1)\shaders\courseworkproject\horizontalblur_ps.cso
c:\users\liam maclean\downloads\shadersframeworkbad\shadersframework(1)\shaders\courseworkproject\horizontalblur_vs.cso
c:\users\liam maclean\downloads\shadersframeworkbad\shadersframework(1)\shaders\courseworkproject\light_ps.cso
c:\users\liam maclean\downloads\shadersframeworkbad\shadersframework(1)\shaders\courseworkproject\light_vs.cso
c:\users\liam maclean\downloads\shadersframeworkbad\shadersframework(1)\shaders\courseworkproject\texture_ps.cso
c:\users\liam maclean\downloads\shadersframeworkbad\shadersframework(1)\shaders\courseworkproject\texture_vs.cso
c:\users\liam maclean\downloads\shadersframeworkbad\shadersframework(1)\shaders\courseworkproject\triangle_gs.cso
c:\users\liam maclean\downloads\shadersframeworkbad\shadersframework(1)\shaders\courseworkproject\triangle_ps.cso
c:\users\liam maclean\downloads\shadersframeworkbad\shadersframework(1)\shaders\courseworkproject\triangle_vs.cso
c:\users\liam maclean\downloads\shadersframeworkbad\shadersframework(1)\shaders\courseworkproject\verticalblur_ps.cso
c:\users\liam maclean\downloads\shadersframeworkbad\shadersframework(1)\shaders\courseworkproject\verticalblur_vs.cso
c:\users\liam maclean\downloads\shadersframeworkbad\shadersframework(1)\shaders\courseworkproject\volumetriclighting_ps.cso
c:\users\liam maclean\downloads\shadersframeworkbad\shadersframework(1)\shaders\courseworkproject\volumetriclighting_vs.cso
c:\users\liam maclean\downloads\shadersframeworkbad\shadersframework(1)\shaders\courseworkproject\debug\coursewo.3837bba3.tlog\cl.command.1.tlog
c:\users\liam maclean\downloads\shadersframeworkbad\shadersframework(1)\shaders\courseworkproject\debug\coursewo.3837bba3.tlog\cl.read.1.tlog
c:\users\liam maclean\downloads\shadersframeworkbad\shadersframework(1)\shaders\courseworkproject\debug\coursewo.3837bba3.tlog\cl.write.1.tlog
c:\users\liam maclean\downloads\shadersframeworkbad\shadersframework(1)\shaders\courseworkproject\debug\coursewo.3837bba3.tlog\courseworkproject.write.1u.tlog
c:\users\liam maclean\downloads\shadersframeworkbad\shadersframework(1)\shaders\courseworkproject\debug\coursewo.3837bba3.tlog\fxc.command.1.tlog
c:\users\liam maclean\downloads\shadersframeworkbad\shadersframework(1)\shaders\courseworkproject\debug\coursewo.3837bba3.tlog\fxc.read.1.tlog
c:\users\liam maclean\downloads\shadersframeworkbad\shadersframework(1)\shaders\courseworkproject\debug\coursewo.3837bba3.tlog\fxc.write.1.tlog
c:\users\liam maclean\downloads\shadersframeworkbad\shadersframework(1)\shaders\courseworkproject\debug\coursewo.3837bba3.tlog\link.command.1.tlog
c:\users\liam maclean\downloads\shadersframeworkbad\shadersframework(1)\shaders\courseworkproject\debug\coursewo.3837bba3.tlog\link.read.1.tlog
c:\users\liam maclean\downloads\shadersframeworkbad\shadersframework(1)\shaders\courseworkproject\debug\coursewo.3837bba3.tlog\link.write.1.tlog
